Using pre-set license

 COMMAND LINE ARGUMENTS:
/Applications/Unity/Hub/Editor/2020.3.4f1/Unity.app/Contents/MacOS/Unity
-adb2
-batchMode
-noUpm
-name
AssetImportWorker0
-projectPath
/Users/abhishek/CircleCarromTry
-logFile
Logs/AssetImportWorker0.log
-srvPort
49685
Successfully changed project path to: /Users/abhishek/CircleCarromTry
/Users/abhishek/CircleCarromTry
Using Asset Import Pipeline V2.
Refreshing native plugins compatible for Editor in 35.74 ms, found 1 plugins.
Preloading 0 native plugins for Editor in 0.00 ms.
Initialize engine version: 2020.3.4f1 (0abb6314276a)
[Subsystems] Discovering subsystems at path /Applications/Unity/Hub/Editor/2020.3.4f1/Unity.app/Contents/Resources/UnitySubsystems
[Subsystems] Discovering subsystems at path /Users/abhishek/CircleCarromTry/Assets
GfxDevice: creating device client; threaded=0
2021-09-11 22:24:00.189 Unity[735:19266] iMac preferred device: Intel(R) Iris(TM) Pro Graphics 6200 (low power)
2021-09-11 22:24:00.189 Unity[735:19266] Metal devices available: 1
2021-09-11 22:24:00.189 Unity[735:19266] 0: Intel(R) Iris(TM) Pro Graphics 6200 (low power)
2021-09-11 22:24:00.190 Unity[735:19266] Using device Intel(R) Iris(TM) Pro Graphics 6200 (low power)
Initializing Metal device caps: Intel(R) Iris(TM) Pro Graphics 6200
Initialize mono
Mono path[0] = '/Applications/Unity/Hub/Editor/2020.3.4f1/Unity.app/Contents/Managed'
Mono path[1] = '/Applications/Unity/Hub/Editor/2020.3.4f1/Unity.app/Contents/MonoBleedingEdge/lib/mono/unityjit'
Mono config path = '/Applications/Unity/Hub/Editor/2020.3.4f1/Unity.app/Contents/MonoBleedingEdge/etc'
Using monoOptions --debugger-agent=transport=dt_socket,embedding=1,server=y,suspend=n,address=127.0.0.1:56735
Begin MonoManager ReloadAssembly
Registering precompiled unity dll's ...
Register platform support module: /Applications/Unity/Hub/Editor/2020.3.4f1/Unity.app/Contents/PlaybackEngines/MacStandaloneSupport/UnityEditor.OSXStandalone.Extensions.dll
Registered in 0.000430 seconds.
Native extension for OSXStandalone target not found
Refreshing native plugins compatible for Editor in 34.09 ms, found 1 plugins.
Preloading 0 native plugins for Editor in 0.00 ms.
Mono: successfully reloaded assembly
- Completed reload, in  2.665 seconds
Platform modules already initialized, skipping
Registering precompiled user dll's ...
Registered in 0.000449 seconds.
Begin MonoManager ReloadAssembly
Native extension for OSXStandalone target not found
Refreshing native plugins compatible for Editor in 0.34 ms, found 1 plugins.
Preloading 0 native plugins for Editor in 0.00 ms.
Mono: successfully reloaded assembly
- Completed reload, in  1.143 seconds
Platform modules already initialized, skipping
========================================================================
Worker process is ready to serve import requests
Launching external process: /Applications/Unity/Hub/Editor/2020.3.4f1/Unity.app/Contents/Tools/UnityShaderCompiler
Launched and connected shader compiler UnityShaderCompiler after 0.02 seconds
Refreshing native plugins compatible for Editor in 0.29 ms, found 1 plugins.
Preloading 0 native plugins for Editor in 0.00 ms.
Unloading 1534 Unused Serialized files (Serialized files now loaded: 0)
System memory in use before: 136.1 MB.
System memory in use after: 136.1 MB.

Unloading 12 unused Assets to reduce memory usage. Loaded Objects now: 1977.
Total: 2.546777 ms (FindLiveObjects: 0.205832 ms CreateObjectMapping: 0.078213 ms MarkObjects: 2.133753 ms  DeleteObjects: 0.127512 ms)

========================================================================
Received Import Request.
  path: Assets/CameraScript.cs
  artifactKey: Guid(38a30753d35484bb1ac67af0ff468bdc) Importer(815301076,1909f56bfc062723c751e8b465ee728b)
Start importing Assets/CameraScript.cs using Guid(38a30753d35484bb1ac67af0ff468bdc) Importer(815301076,1909f56bfc062723c751e8b465ee728b)  -> (artifact id: 'acef09dd9e71f249c1d508bde1045998') in 1.692269 seconds
  Import took 1.754470 seconds .

========================================================================
Received Import Request.
  Time since last request: 0.000242 seconds.
  path: Assets/Scripts
  artifactKey: Guid(7fdbf49991fd643f8aa420376fa72f52) Importer(815301076,1909f56bfc062723c751e8b465ee728b)
Start importing Assets/Scripts using Guid(7fdbf49991fd643f8aa420376fa72f52) Importer(815301076,1909f56bfc062723c751e8b465ee728b)  -> (artifact id: '02fe551b24d270151b3c63d8a6dba4cd') in 0.031686 seconds
  Import took 0.106584 seconds .

========================================================================
Received Prepare
Registering precompiled user dll's ...
Registered in 0.000439 seconds.
Begin MonoManager ReloadAssembly
Native extension for OSXStandalone target not found
Refreshing native plugins compatible for Editor in 0.30 ms, found 1 plugins.
Preloading 0 native plugins for Editor in 0.00 ms.
Mono: successfully reloaded assembly
- Completed reload, in  1.042 seconds
Platform modules already initialized, skipping
Switching build target platform(2) subTarget(0) extendedPlatform(0) -> platform(13) subTarget(537395200) extendedPlatform(0)
Refreshing native plugins compatible for Editor in 0.30 ms, found 1 plugins.
Preloading 0 native plugins for Editor in 0.00 ms.
Unloading 1508 Unused Serialized files (Serialized files now loaded: 0)
System memory in use before: 132.9 MB.
System memory in use after: 132.9 MB.

Unloading 7 unused Assets to reduce memory usage. Loaded Objects now: 1980.
Total: 1.824609 ms (FindLiveObjects: 0.187425 ms CreateObjectMapping: 0.061360 ms MarkObjects: 1.516649 ms  DeleteObjects: 0.058142 ms)

AssetImportParameters requested are different than current active one (requested -> active):
  custom:graphics/normal-map-encoding: 01000000000000000000000000000000 -> 02000000000000000000000000000000
========================================================================
Received Import Request.
  Time since last request: 20.082145 seconds.
  path: Assets/PhyMats
  artifactKey: Guid(5486213896fc247af967dc55b1bd4f4c) Importer(815301076,1909f56bfc062723c751e8b465ee728b)
Start importing Assets/PhyMats using Guid(5486213896fc247af967dc55b1bd4f4c) Importer(815301076,1909f56bfc062723c751e8b465ee728b)  -> (artifact id: 'efc6c8be4952a9322791a64c74e19575') in 0.005405 seconds
  Import took 0.080990 seconds .

========================================================================
Received Prepare
Registering precompiled user dll's ...
Registered in 0.000453 seconds.
Begin MonoManager ReloadAssembly
Native extension for OSXStandalone target not found
Refreshing native plugins compatible for Editor in 0.36 ms, found 1 plugins.
Preloading 0 native plugins for Editor in 0.00 ms.
Mono: successfully reloaded assembly
- Completed reload, in  1.041 seconds
Platform modules already initialized, skipping
Switching build target platform(2) subTarget(0) extendedPlatform(0) -> platform(13) subTarget(537395200) extendedPlatform(0)
Refreshing native plugins compatible for Editor in 0.29 ms, found 1 plugins.
Preloading 0 native plugins for Editor in 0.00 ms.
Unloading 1508 Unused Serialized files (Serialized files now loaded: 0)
System memory in use before: 133.0 MB.
System memory in use after: 133.1 MB.

Unloading 7 unused Assets to reduce memory usage. Loaded Objects now: 1983.
Total: 1.890386 ms (FindLiveObjects: 0.212138 ms CreateObjectMapping: 0.062391 ms MarkObjects: 1.552715 ms  DeleteObjects: 0.062118 ms)

AssetImportParameters requested are different than current active one (requested -> active):
  custom:graphics/normal-map-encoding: 01000000000000000000000000000000 -> 02000000000000000000000000000000
========================================================================
Received Prepare
Registering precompiled user dll's ...
Registered in 0.101697 seconds.
AssetImportWorkerClient::OnTransportError - code=2 error=End of file
